<?xml version="1.0" encoding="UTF-8"?>
<!-- Generated by org.testng.reporters.JUnitReportReporter -->
<testsuite skipped="0" hostname="Clinical-PC" name="Test_Enteries.Test_Type" tests="1" failures="0" timestamp="2020-08-31T14:20:44 CDT" time="9.223" errors="0">
  <testcase name="browser" time="9.223" classname="Test_Enteries.Test_Type"/>
  <system-out/>
</testsuite> <!-- Test_Enteries.Test_Type -->
